\BOOKMARK [0][-]{chapter.1}{Einleitung}{}% 1
\BOOKMARK [1][-]{section.1.1}{Was ist ein Netzplan?}{chapter.1}% 2
\BOOKMARK [1][-]{section.1.2}{Kritische Pfade}{chapter.1}% 3
\BOOKMARK [1][-]{section.1.3}{Ziel dieser Arbeit}{chapter.1}% 4
\BOOKMARK [0][-]{chapter.2}{Verfahrensbeschreibung}{}% 5
\BOOKMARK [1][-]{section.2.1}{Datenstrukturen}{chapter.2}% 6
\BOOKMARK [2][-]{subsection.2.1.1}{Logische Repr\344sentation eines Vorgangs}{section.2.1}% 7
\BOOKMARK [2][-]{subsection.2.1.2}{Logische Repr\344sentation eines Netzplans}{section.2.1}% 8
\BOOKMARK [1][-]{section.2.2}{Einlesen der Vorg\344nge}{chapter.2}% 9
\BOOKMARK [2][-]{subsection.2.2.1}{Format der Eingabedatei}{section.2.2}% 10
\BOOKMARK [2][-]{subsection.2.2.2}{Algorithmus zum Einlesen}{section.2.2}% 11
\BOOKMARK [1][-]{section.2.3}{Konstruktion des Netzplans}{chapter.2}% 12
\BOOKMARK [2][-]{subsection.2.3.1}{Initialisierung}{section.2.3}% 13
\BOOKMARK [2][-]{subsection.2.3.2}{Vorw\344rtsrechnung}{section.2.3}% 14
\BOOKMARK [2][-]{subsection.2.3.3}{R\374ckw\344rtsrechnung}{section.2.3}% 15
\BOOKMARK [2][-]{subsection.2.3.4}{Berechnung der Zeitreserven}{section.2.3}% 16
\BOOKMARK [1][-]{section.2.4}{Auffinden der kritischen Pfade}{chapter.2}% 17
\BOOKMARK [1][-]{section.2.5}{Ausgabe der Ergebnisse}{chapter.2}% 18
\BOOKMARK [0][-]{chapter.3}{Benutzeranleitung}{}% 19
\BOOKMARK [1][-]{section.3.1}{Lieferumfang}{chapter.3}% 20
\BOOKMARK [1][-]{section.3.2}{Ausf\374hren des Programms}{chapter.3}% 21
\BOOKMARK [1][-]{section.3.3}{Ausf\374hren aller Testf\344lle}{chapter.3}% 22
\BOOKMARK [0][-]{chapter.4}{Entwicklerdokumentation}{}% 23
\BOOKMARK [1][-]{section.4.1}{Entwicklungsumgebung}{chapter.4}% 24
\BOOKMARK [1][-]{section.4.2}{Aufbau der Software}{chapter.4}% 25
\BOOKMARK [2][-]{subsection.4.2.1}{Klassenstruktur}{section.4.2}% 26
\BOOKMARK [2][-]{subsection.4.2.2}{Softwarearchitektur}{section.4.2}% 27
\BOOKMARK [1][-]{section.4.3}{\334bersetzen der Software}{chapter.4}% 28
\BOOKMARK [2][-]{subsection.4.3.1}{\334bersetzen ohne den Einsatz von Ant}{section.4.3}% 29
\BOOKMARK [0][-]{chapter.5}{Testdokumentation}{}% 30
\BOOKMARK [0][-]{chapter.6}{Ausblick}{}% 31
\BOOKMARK [0][-]{appendix.A}{Abweichungen und Erg\344nzungen zum Vorentwurf}{}% 32
